c:\users\clara1\documents\visual studio 2013\projects\ningrun\ningrun\debug\vc120.pdb
c:\users\clara1\documents\visual studio 2013\projects\ningrun\ningrun\debug\vc120.idb
c:\users\clara1\documents\visual studio 2013\projects\ningrun\ningrun\debug\2. add two numbers.obj
c:\users\clara1\documents\visual studio 2013\projects\ningrun\ningrun\debug\1.two sum.obj
c:\users\clara1\documents\visual studio 2013\projects\ningrun\ningrun\debug\20. valid parentheses.obj
c:\users\clara1\documents\visual studio 2013\projects\ningrun\ningrun\debug\206. reverse linked list.obj
c:\users\clara1\documents\visual studio 2013\projects\ningrun\ningrun\debug\21. merge two sorted lists.obj
c:\users\clara1\documents\visual studio 2013\projects\ningrun\ningrun\debug\23. merge k sorted lists.obj
c:\users\clara1\documents\visual studio 2013\projects\ningrun\ningrun\debug\24. swap nodes in pairs.obj
c:\users\clara1\documents\visual studio 2013\projects\ningrun\ningrun\debug\25. reverse nodes in k-group.obj
c:\users\clara1\documents\visual studio 2013\projects\ningrun\ningrun\debug\3. longest substring without repeating characters.obj
c:\users\clara1\documents\visual studio 2013\projects\ningrun\ningrun\debug\328. odd even linked list.obj
c:\users\clara1\documents\visual studio 2013\projects\ningrun\ningrun\debug\4. median of two sorted arrays.obj
c:\users\clara1\documents\visual studio 2013\projects\ningrun\ningrun\debug\42. trapping rain water.obj
c:\users\clara1\documents\visual studio 2013\projects\ningrun\ningrun\debug\61. rotate list.obj
c:\users\clara1\documents\visual studio 2013\projects\ningrun\ningrun\debug\7. reverse integer.obj
c:\users\clara1\documents\visual studio 2013\projects\ningrun\ningrun\debug\8. string to integer (atoi).obj
c:\users\clara1\documents\visual studio 2013\projects\ningrun\ningrun\debug\82. remove duplicates from sorted list ii.obj
c:\users\clara1\documents\visual studio 2013\projects\ningrun\ningrun\debug\83. remove duplicates from sorted list.obj
c:\users\clara1\documents\visual studio 2013\projects\ningrun\ningrun\debug\86. partition list.obj
c:\users\clara1\documents\visual studio 2013\projects\ningrun\ningrun\debug\92. reverse linked list ii.obj
c:\users\clara1\documents\visual studio 2013\projects\ningrun\ningrun\debug\109. convert sorted list to binary search tree.obj
c:\users\clara1\documents\visual studio 2013\projects\ningrun\ningrun\debug\141. linked list cycle.obj
c:\users\clara1\documents\visual studio 2013\projects\ningrun\ningrun\debug\142. linked list cycle ii.obj
c:\users\clara1\documents\visual studio 2013\projects\ningrun\ningrun\debug\143. reorder list.obj
c:\users\clara1\documents\visual studio 2013\projects\ningrun\ningrun\debug\155. min stack.obj
c:\users\clara1\documents\visual studio 2013\projects\ningrun\ningrun\debug\19. remove nth node from end of list.obj
c:\users\clara1\documents\visual studio 2013\projects\ningrun\ningrun\debug\pat b1001.obj
c:\users\clara1\documents\visual studio 2013\projects\ningrun\ningrun\debug\pat b1002.obj
c:\users\clara1\documents\visual studio 2013\projects\ningrun\ningrun\debug\pat b1032.obj
c:\users\clara1\documents\visual studio 2013\projects\ningrun\ningrun\debug\pat b1022.obj
c:\users\clara1\documents\visual studio 2013\projects\ningrun\ningrun\debug\pat b1040.obj
c:\users\clara1\documents\visual studio 2013\projects\ningrun\ningrun\debug\pat b1023.obj
c:\users\clara1\documents\visual studio 2013\projects\ningrun\ningrun\debug\pat b1020.obj
c:\users\clara1\documents\visual studio 2013\projects\ningrun\ningrun\debug\pat a1025.obj
c:\users\clara1\documents\visual studio 2013\projects\ningrun\ningrun\debug\quicksort.obj
c:\users\clara1\documents\visual studio 2013\projects\ningrun\ningrun\debug\randselect.obj
c:\users\clara1\documents\visual studio 2013\projects\ningrun\ningrun\debug\pat a1060.obj
c:\users\clara1\documents\visual studio 2013\projects\ningrun\ningrun\debug\数塔问题.obj
c:\users\clara1\documents\visual studio 2013\projects\ningrun\ningrun\debug\数塔问题（递归从上往下）.obj
c:\users\clara1\documents\visual studio 2013\projects\ningrun\ningrun\debug\fibonacci数列（无记忆递归）.obj
c:\users\clara1\documents\visual studio 2013\projects\ningrun\ningrun\debug\fibonacci数列（有记忆递归）.obj
c:\users\clara1\documents\visual studio 2013\projects\ningrun\ningrun\debug\最大连续子序列和.obj
c:\users\clara1\documents\visual studio 2013\projects\ningrun\ningrun\debug\最长不下降子序列.obj
c:\users\clara1\documents\visual studio 2013\projects\ningrun\ningrun\debug\最长公共子序列.obj
c:\users\clara1\documents\visual studio 2013\projects\ningrun\ningrun\debug\最长公共子串.obj
c:\users\clara1\documents\visual studio 2013\projects\ningrun\debug\ningrun.ilk
c:\users\clara1\documents\visual studio 2013\projects\ningrun\debug\ningrun.exe
c:\users\clara1\documents\visual studio 2013\projects\ningrun\debug\ningrun.pdb
c:\users\clara1\documents\visual studio 2013\projects\ningrun\ningrun\debug\ningrun.tlog\cl.command.1.tlog
c:\users\clara1\documents\visual studio 2013\projects\ningrun\ningrun\debug\ningrun.tlog\cl.read.1.tlog
c:\users\clara1\documents\visual studio 2013\projects\ningrun\ningrun\debug\ningrun.tlog\cl.write.1.tlog
c:\users\clara1\documents\visual studio 2013\projects\ningrun\ningrun\debug\ningrun.tlog\link.command.1.tlog
c:\users\clara1\documents\visual studio 2013\projects\ningrun\ningrun\debug\ningrun.tlog\link.read.1.tlog
c:\users\clara1\documents\visual studio 2013\projects\ningrun\ningrun\debug\ningrun.tlog\link.write.1.tlog
